<?xml version="1.0" encoding="UTF-8"?>
<testng-results ignored="1" total="2" passed="1" failed="0" skipped="0">
  <reporter-output>
  </reporter-output>
  <suite started-at="2024-04-09T15:49:44 IST" name="Default suite" finished-at="2024-04-09T15:49:44 IST" duration-ms="38">
    <groups>
    </groups>
    <test started-at="2024-04-09T15:49:44 IST" name="Default test" finished-at="2024-04-09T15:49:44 IST" duration-ms="38">
      <class name="com.bdd.mavenbddproject.tests.UnitTests">
        <test-method signature="readtxt()[pri:0, instance:com.bdd.mavenbddproject.tests.UnitTests@32ee6fee]" started-at="2024-04-09T15:49:44 IST" name="readtxt" finished-at="2024-04-09T15:49:44 IST" duration-ms="10" status="PASS">
          <reporter-output>
          </reporter-output>
        </test-method> <!-- readtxt -->
      </class> <!-- com.bdd.mavenbddproject.tests.UnitTests -->
    </test> <!-- Default test -->
  </suite> <!-- Default suite -->
</testng-results>
